Fri Mar 31 17:37:14 CEST 2017 : Apache Derby Network Server - 10.10.1.3 - (1557168) démarré et prêt à accepter les connexions sur le port 1527
----------------------------------------------------------------
Fri Mar 31 17:37:15 CEST 2017:
Amorçage de Derby version The Apache Software Foundation - Apache Derby - 10.10.1.3 - (1557168) : instance a816c00e-015b-2503-7035-000013dda3a0 
dans le répertoire de base de données U:\Bureau\Semestre 8\LO54\LO54_Projet_IceFaces\PROJECT_DATA avec le chargeur de classe sun.misc.Launcher$AppClassLoader@1d44bcfa
Chargé de file:/D:/LO54/App/jdk/db/lib/derby.jar
java.vendor=Oracle Corporation
java.runtime.version=1.8.0_25-b18
user.dir=D:\LO54\App\jdk\db
os.name=Windows 8.1
os.arch=amd64
os.version=6.3
derby.system.home=U:\Bureau\Semestre 8\LO54\LO54_Projet_IceFaces
Chargeur de classe de la base de données démarré - derby.database.classpath = ''
----------------------------------------------------------------
Fri Mar 31 17:37:18 CEST 2017:
Fermeture de l'instance a816c00e-015b-2503-7035-000013dda3a0 sur le répertoire de base de données U:\Bureau\Semestre 8\LO54\LO54_Projet_IceFaces\PROJECT_DATA avec le chargeur de classe sun.misc.Launcher$AppClassLoader@1d44bcfa 
Fri Mar 31 17:37:18 CEST 2017 Thread[DRDAConnThread_3,5,main] (DATABASE = PROJECT_DATA), (DRDAID = {2}), Arrêt de la base de données 'PROJECT_DATA'.
----------------------------------------------------------------
Fri Mar 31 17:37:34 CEST 2017:
Amorçage de Derby version The Apache Software Foundation - Apache Derby - 10.10.1.3 - (1557168) : instance 560740aa-015b-2503-7035-000013dda3a0 
dans le répertoire de base de données U:\Bureau\Semestre 8\LO54\LO54_Projet_IceFaces\PROJECT_DATA avec le chargeur de classe sun.misc.Launcher$AppClassLoader@1d44bcfa
Chargé de file:/D:/LO54/App/jdk/db/lib/derby.jar
java.vendor=Oracle Corporation
java.runtime.version=1.8.0_25-b18
user.dir=D:\LO54\App\jdk\db
os.name=Windows 8.1
os.arch=amd64
os.version=6.3
derby.system.home=U:\Bureau\Semestre 8\LO54\LO54_Projet_IceFaces
Chargeur de classe de la base de données démarré - derby.database.classpath = ''
